<?xml version="1.0" encoding="UTF-8"?>
<!-- Generated by org.testng.reporters.JUnitReportReporter -->
<testsuite hostname="HP" failures="0" tests="1" name="testCases.Screenshot" time="0.268" errors="0" timestamp="2022-12-18T13:22:12 IST" skipped="0">
  <testcase classname="testCases.Screenshot" name="Cap" time="0.268"/>
  <system-out/>
</testsuite> <!-- testCases.Screenshot -->
