<?xml version="1.0" encoding="UTF-8"?>
<!-- Generated by org.testng.reporters.JUnitReportReporter -->
<testsuite hostname="HP" failures="0" tests="1" name="testCases.Test_Login_Functionality" time="2.830" errors="0" timestamp="2022-12-19T12:18:46 IST" skipped="0">
  <testcase classname="testCases.Test_Login_Functionality" name="validateLoginFuctinality" time="2.830"/>
  <system-out/>
</testsuite> <!-- testCases.Test_Login_Functionality -->
